<?xml version="1.0" encoding="UTF-8"?>
<testsuite xmlns:xsi="http://www.w3.org/2001/XMLSchema-instance" xsi:noNamespaceSchemaLocation="https://maven.apache.org/surefire/maven-surefire-plugin/xsd/surefire-test-report-3.0.xsd" version="3.0" name="TestSuite" time="35.991" tests="4" errors="0" skipped="0" failures="0">
  <properties>
[...]
</properties>
  <testcase name="logintest" classname="com.test.cases.LoginTest" time="3.545">
    <system-out><![CDATA[-------------Login with Valid Password--------------
Congratulations student. You successfully logged in!
]]></system-out>
    <system-err><![CDATA[SLF4J(W): No SLF4J providers were found.
SLF4J(W): Defaulting to no-operation (NOP) logger implementation
SLF4J(W): See https://www.slf4j.org/codes.html#noProviders for further details.
Feb 17, 2025 4:34:43 PM org.openqa.selenium.devtools.CdpVersionFinder findNearestMatch
WARNING: Unable to find an exact match for CDP version 133, returning the closest version; found: 132; Please update to a Selenium version that supports CDP version 133
]]></system-err>
  </testcase>
  <testcase name="logininvalidusername" classname="com.test.cases.Loginwithinvalidusername" time="1.491">
    <system-out><![CDATA[-------------Login with  invalid username invalid Password--------------
Your username is invalid!
]]></system-out>
    <system-err><![CDATA[Feb 17, 2025 4:34:53 PM org.openqa.selenium.devtools.CdpVersionFinder findNearestMatch
WARNING: Unable to find an exact match for CDP version 133, returning the closest version; found: 132; Please update to a Selenium version that supports CDP version 133
]]></system-err>
  </testcase>
  <testcase name="logininvalidpassword" classname="com.test.cases.Loginwithinvalidpassword" time="1.358">
    <system-out><![CDATA[-------------Login with  invalid username invalid Password--------------
Your password is invalid!
]]></system-out>
    <system-err><![CDATA[Feb 17, 2025 4:35:01 PM org.openqa.selenium.devtools.CdpVersionFinder findNearestMatch
WARNING: Unable to find an exact match for CDP version 133, returning the closest version; found: 132; Please update to a Selenium version that supports CDP version 133
]]></system-err>
  </testcase>
  <testcase name="logininvalidcredentials" classname="com.test.cases.Loginwithinvalidcredentials" time="1.367">
    <system-out><![CDATA[-------------Login with  invalid username invalid Password--------------
Your username is invalid!
]]></system-out>
    <system-err><![CDATA[Feb 17, 2025 4:35:08 PM org.openqa.selenium.devtools.CdpVersionFinder findNearestMatch
WARNING: Unable to find an exact match for CDP version 133, returning the closest version; found: 132; Please update to a Selenium version that supports CDP version 133
]]></system-err>
  </testcase>
</testsuite>