<?xml version="1.0" encoding="UTF-8"?>
<testng-results ignored="0" total="4" passed="4" failed="0" skipped="0">
  <reporter-output>
  </reporter-output>
  <suite started-at="2025-02-17T16:34:39 IST" name="Test Suite" finished-at="2025-02-17T16:35:13 IST" duration-ms="34557">
    <groups>
    </groups>
    <test started-at="2025-02-17T16:34:39 IST" name="Login and Logout Tests" finished-at="2025-02-17T16:35:13 IST" duration-ms="34557">
      <class name="com.test.cases.Loginwithinvalidusername">
        <test-method is-config="true" signature="beforeMethod()[pri:0, instance:com.test.cases.Loginwithinvalidusername@3bb9a3ff]" started-at="2025-02-17T16:34:51 IST" name="beforeMethod" finished-at="2025-02-17T16:34:56 IST" duration-ms="5428" status="PASS">
          <reporter-output>
          </reporter-output>
        </test-method> <!-- beforeMethod -->
        <test-method signature="logininvalidusername()[pri:0, instance:com.test.cases.Loginwithinvalidusername@3bb9a3ff]" started-at="2025-02-17T16:34:56 IST" name="logininvalidusername" finished-at="2025-02-17T16:34:58 IST" duration-ms="1487" status="PASS">
          <reporter-output>
          </reporter-output>
        </test-method> <!-- logininvalidusername -->
        <test-method is-config="true" signature="afterMethod()[pri:0, instance:com.test.cases.Loginwithinvalidusername@3bb9a3ff]" started-at="2025-02-17T16:34:58 IST" name="afterMethod" finished-at="2025-02-17T16:34:59 IST" duration-ms="626" status="PASS">
          <reporter-output>
          </reporter-output>
        </test-method> <!-- afterMethod -->
      </class> <!-- com.test.cases.Loginwithinvalidusername -->
      <class name="com.test.cases.Loginwithinvalidpassword">
        <test-method is-config="true" signature="beforeMethod()[pri:0, instance:com.test.cases.Loginwithinvalidpassword@661972b0]" started-at="2025-02-17T16:34:59 IST" name="beforeMethod" finished-at="2025-02-17T16:35:04 IST" duration-ms="5180" status="PASS">
          <reporter-output>
          </reporter-output>
        </test-method> <!-- beforeMethod -->
        <test-method signature="logininvalidpassword()[pri:0, instance:com.test.cases.Loginwithinvalidpassword@661972b0]" started-at="2025-02-17T16:35:04 IST" name="logininvalidpassword" finished-at="2025-02-17T16:35:05 IST" duration-ms="1352" status="PASS">
          <reporter-output>
          </reporter-output>
        </test-method> <!-- logininvalidpassword -->
        <test-method is-config="true" signature="afterMethod()[pri:0, instance:com.test.cases.Loginwithinvalidpassword@661972b0]" started-at="2025-02-17T16:35:05 IST" name="afterMethod" finished-at="2025-02-17T16:35:06 IST" duration-ms="650" status="PASS">
          <reporter-output>
          </reporter-output>
        </test-method> <!-- afterMethod -->
      </class> <!-- com.test.cases.Loginwithinvalidpassword -->
      <class name="com.test.cases.LoginTest">
        <test-method is-config="true" signature="beforeMethod()[pri:0, instance:com.test.cases.LoginTest@3c407114]" started-at="2025-02-17T16:34:39 IST" name="beforeMethod" finished-at="2025-02-17T16:34:46 IST" duration-ms="7019" status="PASS">
          <reporter-output>
          </reporter-output>
        </test-method> <!-- beforeMethod -->
        <test-method signature="logintest()[pri:0, instance:com.test.cases.LoginTest@3c407114]" started-at="2025-02-17T16:34:46 IST" name="logintest" finished-at="2025-02-17T16:34:49 IST" duration-ms="3545" status="PASS">
          <reporter-output>
          </reporter-output>
        </test-method> <!-- logintest -->
        <test-method is-config="true" signature="afterMethod()[pri:0, instance:com.test.cases.LoginTest@3c407114]" started-at="2025-02-17T16:34:49 IST" name="afterMethod" finished-at="2025-02-17T16:34:51 IST" duration-ms="1630" status="PASS">
          <reporter-output>
          </reporter-output>
        </test-method> <!-- afterMethod -->
      </class> <!-- com.test.cases.LoginTest -->
      <class name="com.test.cases.Loginwithinvalidcredentials">
        <test-method is-config="true" signature="beforeMethod()[pri:0, instance:com.test.cases.Loginwithinvalidcredentials@5af3afd9]" started-at="2025-02-17T16:35:06 IST" name="beforeMethod" finished-at="2025-02-17T16:35:11 IST" duration-ms="5567" status="PASS">
          <reporter-output>
          </reporter-output>
        </test-method> <!-- beforeMethod -->
        <test-method signature="logininvalidcredentials()[pri:0, instance:com.test.cases.Loginwithinvalidcredentials@5af3afd9]" started-at="2025-02-17T16:35:11 IST" name="logininvalidcredentials" finished-at="2025-02-17T16:35:13 IST" duration-ms="1364" status="PASS">
          <reporter-output>
          </reporter-output>
        </test-method> <!-- logininvalidcredentials -->
        <test-method is-config="true" signature="afterMethod()[pri:0, instance:com.test.cases.Loginwithinvalidcredentials@5af3afd9]" started-at="2025-02-17T16:35:13 IST" name="afterMethod" finished-at="2025-02-17T16:35:13 IST" duration-ms="612" status="PASS">
          <reporter-output>
          </reporter-output>
        </test-method> <!-- afterMethod -->
      </class> <!-- com.test.cases.Loginwithinvalidcredentials -->
    </test> <!-- Login and Logout Tests -->
  </suite> <!-- Test Suite -->
</testng-results>
