<?xml version="1.0" encoding="UTF-8"?>
<!-- Generated by org.testng.reporters.JUnitXMLReporter -->
<testsuite ignored="0" hostname="DESKTOP-2O352HB" failures="0" tests="4" name="Login and Logout Tests" time="34.557" errors="0" timestamp="2025-02-17T16:35:13 IST">
  <testcase classname="com.test.cases.LoginTest" name="logintest" time="3.545"/>
  <testcase classname="com.test.cases.Loginwithinvalidusername" name="logininvalidusername" time="1.487"/>
  <testcase classname="com.test.cases.Loginwithinvalidpassword" name="logininvalidpassword" time="1.352"/>
  <testcase classname="com.test.cases.Loginwithinvalidcredentials" name="logininvalidcredentials" time="1.364"/>
</testsuite> <!-- Login and Logout Tests -->
