<?xml version="1.0" encoding="UTF-8"?>
<testng-results ignored="0" total="1" passed="1" failed="0" skipped="0">
  <reporter-output>
  </reporter-output>
  <suite started-at="2025-02-16T18:19:29 IST" name="Default suite" finished-at="2025-02-16T18:19:48 IST" duration-ms="19323">
    <groups>
    </groups>
    <test started-at="2025-02-16T18:19:29 IST" name="Default test" finished-at="2025-02-16T18:19:48 IST" duration-ms="19323">
      <class name="com.test.cases.LoginTest">
        <test-method is-config="true" signature="beforeMethod()[pri:0, instance:com.test.cases.LoginTest@1fa121e2]" started-at="2025-02-16T18:19:29 IST" name="beforeMethod" finished-at="2025-02-16T18:19:41 IST" duration-ms="11355" status="PASS">
          <reporter-output>
          </reporter-output>
        </test-method> <!-- beforeMethod -->
        <test-method signature="logintest()[pri:0, instance:com.test.cases.LoginTest@1fa121e2]" started-at="2025-02-16T18:19:41 IST" name="logintest" finished-at="2025-02-16T18:19:44 IST" duration-ms="3499" status="PASS">
          <reporter-output>
          </reporter-output>
        </test-method> <!-- logintest -->
        <test-method is-config="true" signature="afterMethod()[pri:0, instance:com.test.cases.LoginTest@1fa121e2]" started-at="2025-02-16T18:19:44 IST" name="afterMethod" finished-at="2025-02-16T18:19:48 IST" duration-ms="4328" status="PASS">
          <reporter-output>
          </reporter-output>
        </test-method> <!-- afterMethod -->
      </class> <!-- com.test.cases.LoginTest -->
    </test> <!-- Default test -->
  </suite> <!-- Default suite -->
</testng-results>
